Arguments: 
  C:\Program Files\nodejs\node.exe C:\Users\User\AppData\Roaming\npm\node_modules\yarn\bin\yarn.js install

PATH: 
  D:\All\OpenServer\domains\theme2022\wp-content\themes\wp_theme\node_modules\.bin;C:\Python310\Scripts\;C:\Python310\;C:\Windows\system32;C:\Windows;C:\Windows\System32\Wbem;C:\Windows\System32\WindowsPowerShell\v1.0\;C:\Windows\System32\OpenSSH\;C:\Program Files\Git\cmd;C:\Program Files\NVIDIA Corporation\NVIDIA NvDLISR;C:\Program Files\Java\jdk1.8.0_301;C:\Program Files\Java\jdk1.8.0_301\bin;C:\ProgramData\ComposerSetup\bin;C:\Program Files\nodejs\;C:\ProgramData\chocolatey\bin;C:\Program Files (x86)\Windows Kits\10\Windows Performance Toolkit\;C:\Program Files\PowerShell\7\;C:\Program Files (x86)\NVIDIA Corporation\PhysX\Common;C:\Users\User\scoop\shims;C:\Users\User\AppData\Local\Microsoft\WindowsApps;C:\Users\User\AppData\Local\Programs\Microsoft VS Code\bin;C:\Users\User\AppData\Roaming\Composer\vendor\bin;C:\Program Files\JetBrains\PhpStorm 2021.1.1-v2\bin;C:\gradle-7.2-all\bin;E:\OpenServer\modules\php\PHP_7.3;C:\Program Files\JetBrains\WebStorm 2020.1\bin;C:\Users\User\AppData\Roaming\npm;C:\Program Files\heroku\bin;C:\Users\User\AppData\Local\Programs\oh-my-posh\bin;C:\Users\User\AppData\Local\JetBrains\Toolbox\scripts;

Yarn version: 
  1.22.15

Node version: 
  16.13.1

Platform: 
  win32 x64

Trace: 
  SyntaxError: D:\All\OpenServer\domains\theme2022\wp-content\themes\wp_theme\package.json: Unexpected string in JSON at position 434
      at JSON.parse (<anonymous>)
      at C:\Users\User\AppData\Roaming\npm\node_modules\yarn\lib\cli.js:1625:59
      at Generator.next (<anonymous>)
      at step (C:\Users\User\AppData\Roaming\npm\node_modules\yarn\lib\cli.js:310:30)
      at C:\Users\User\AppData\Roaming\npm\node_modules\yarn\lib\cli.js:321:13

npm manifest: 
  {
    "private": true,
    "scripts": {
       "dev": "npm run development",
        "development": "mix",
        "watch": "mix watch",
        "watch-poll": "mix watch -- --watch-options-poll=1000",
        "hot": "mix watch --hot",
        "prod": "npm run production",
        "production": "mix --production"
    },
    "devDependencies": {
      "axios": "^0.21",
      "laravel-mix": "^6.0.6",
      "lodash": "^4.17.19",
      "postcss": "^8.1.14"    
      "cross-env": "^7.0",
      "resolve-url-loader": "^3.1.0",
      "sass": "^1.15.2",
      "sass-loader": "^8.0.0",
      "vue-template-compiler": "^2.6.11"
    },
    "dependencies": {
      "magnific-popup": "^1.1.0",
      "noty": "^3.1.4",
      "jquery": "^3.5.1"
    }
  }

yarn manifest: 
  No manifest

Lockfile: 
  No lockfile
